<?xml version="1.0" encoding="UTF-8"?>
<!-- Generated by org.testng.reporters.JUnitReportReporter -->
<testsuite hostname="DESKTOP-IKB2O7A" failures="0" tests="1" name="Proj002.Mavenlabs.SwitchingWindows" time="5.805" errors="0" timestamp="2024-03-19T12:03:42 EDT" skipped="0">
  <testcase classname="Proj002.Mavenlabs.SwitchingWindows" name="switchwin" time="5.805"/>
  <system-out/>
</testsuite> <!-- Proj002.Mavenlabs.SwitchingWindows -->
