<?xml version="1.0" encoding="UTF-8"?>
<!-- Generated by org.testng.reporters.JUnitReportReporter -->
<testsuite hostname="DESKTOP-IKB2O7A" failures="0" tests="1" name="scenarios.SwitchingWindows" time="39.747" errors="0" timestamp="2024-03-11T14:38:09 EDT" skipped="0">
  <testcase classname="scenarios.SwitchingWindows" name="switchwin" time="39.747"/>
  <system-out/>
</testsuite> <!-- scenarios.SwitchingWindows -->
