<?xml version="1.0" encoding="UTF-8"?>
<!-- Generated by org.testng.reporters.JUnitReportReporter -->
<testsuite hostname="DESKTOP-IKB2O7A" failures="0" tests="1" name="scenarios.MouseHover" time="3.822" errors="0" timestamp="2024-03-11T16:04:48 EDT" skipped="0">
  <testcase classname="scenarios.MouseHover" name="dragAndDrop" time="3.822"/>
  <system-out/>
</testsuite> <!-- scenarios.MouseHover -->
