<?xml version="1.0" encoding="UTF-8"?>
<!-- Generated by org.testng.reporters.JUnitReportReporter -->
<testsuite hostname="DESKTOP-IKB2O7A" failures="0" tests="1" name="Proj002.Mavenlabs.MultOptions" time="13.093" errors="0" timestamp="2024-03-20T23:13:30 EDT" skipped="0">
  <testcase classname="Proj002.Mavenlabs.MultOptions" name="multipOpts" time="13.093"/>
</testsuite> <!-- Proj002.Mavenlabs.MultOptions -->
